DEBUG dupatbot Telegram Connection org.apache.http.impl.execchain.MainClientExec - Connection can be kept alive indefinitely
DEBUG dupatbot Telegram Connection org.apache.http.impl.auth.HttpAuthenticator - Authentication required
DEBUG dupatbot Telegram Connection org.apache.http.impl.auth.HttpAuthenticator - api.telegram.org:443 requested authentication
DEBUG dupatbot Telegram Connection org.apache.http.impl.auth.HttpAuthenticator - Response contains no authentication challenges
DEBUG dupatbot Telegram Connection org.apache.http.impl.conn.PoolingHttpClientConnectionManager - Connection [id: 380][route: {s}->https://api.telegram.org:443] can be kept alive indefinitely
DEBUG dupatbot Telegram Connection org.apache.http.impl.conn.DefaultManagedHttpClientConnection - http-outgoing-380: set socket timeout to 0
DEBUG dupatbot Telegram Connection org.apache.http.impl.conn.PoolingHttpClientConnectionManager - Connection released: [id: 380][route: {s}->https://api.telegram.org:443][total kept alive: 1; route allocated: 1 of 2; total allocated: 1 of 100]
ERROR dupatbot Telegram Connection org.telegram.telegrambots.updatesreceivers.DefaultBotSession - Error getting updates
org.telegram.telegrambots.meta.exceptions.TelegramApiRequestException: Error getting updates: [401] Unauthorized
	at org.telegram.telegrambots.meta.api.methods.updates.GetUpdates.deserializeResponse(GetUpdates.java:118)
	at org.telegram.telegrambots.updatesreceivers.DefaultBotSession$ReaderThread.getUpdatesFromServer(DefaultBotSession.java:263)
	at org.telegram.telegrambots.updatesreceivers.DefaultBotSession$ReaderThread.run(DefaultBotSession.java:194)
DEBUG dupatbot Telegram Connection org.apache.http.client.protocol.RequestAddCookies - CookieSpec selected: default
DEBUG dupatbot Telegram Connection org.apache.http.client.protocol.RequestAuthCache - Auth cache not set in the context
DEBUG dupatbot Telegram Connection org.apache.http.impl.conn.PoolingHttpClientConnectionManager - Connection request: [route: {s}->https://api.telegram.org:443][total kept alive: 1; route allocated: 1 of 2; total allocated: 1 of 100]
DEBUG dupatbot Telegram Connection org.apache.http.impl.conn.PoolingHttpClientConnectionManager - Connection leased: [id: 380][route: {s}->https://api.telegram.org:443][total kept alive: 0; route allocated: 1 of 2; total allocated: 1 of 100]
DEBUG dupatbot Telegram Connection org.apache.http.impl.conn.DefaultManagedHttpClientConnection - http-outgoing-380: set socket timeout to 0
DEBUG dupatbot Telegram Connection org.apache.http.impl.conn.DefaultManagedHttpClientConnection - http-outgoing-380: set socket timeout to 75000
DEBUG dupatbot Telegram Connection org.apache.http.impl.execchain.MainClientExec - Executing request POST /bot1088654621:AAExrcPDL6qK-sS1mgIkPXKa_e73yl-Ar74/getupdates HTTP/1.1
DEBUG dupatbot Telegram Connection org.apache.http.impl.execchain.MainClientExec - Target auth state: UNCHALLENGED
DEBUG dupatbot Telegram Connection org.apache.http.impl.execchain.MainClientExec - Proxy auth state: UNCHALLENGED
DEBUG dupatbot Telegram Connection org.apache.http.headers - http-outgoing-380 >> POST /bot1088654621:AAExrcPDL6qK-sS1mgIkPXKa_e73yl-Ar74/getupdates HTTP/1.1
DEBUG dupatbot Telegram Connection org.apache.http.headers - http-outgoing-380 >> charset: UTF-8
DEBUG dupatbot Telegram Connection org.apache.http.headers - http-outgoing-380 >> Content-Length: 67
DEBUG dupatbot Telegram Connection org.apache.http.headers - http-outgoing-380 >> Content-Type: application/json; charset=UTF-8
DEBUG dupatbot Telegram Connection org.apache.http.headers - http-outgoing-380 >> Host: api.telegram.org
DEBUG dupatbot Telegram Connection org.apache.http.headers - http-outgoing-380 >> Connection: Keep-Alive
DEBUG dupatbot Telegram Connection org.apache.http.headers - http-outgoing-380 >> User-Agent: Apache-HttpClient/4.5.10 (Java/1.8.0_181)
DEBUG dupatbot Telegram Connection org.apache.http.headers - http-outgoing-380 >> Accept-Encoding: gzip,deflate
DEBUG dupatbot Telegram Connection org.apache.http.wire - http-outgoing-380 >> "POST /bot1088654621:AAExrcPDL6qK-sS1mgIkPXKa_e73yl-Ar74/getupdates HTTP/1.1[\r][\n]"
DEBUG dupatbot Telegram Connection org.apache.http.wire - http-outgoing-380 >> "charset: UTF-8[\r][\n]"
DEBUG dupatbot Telegram Connection org.apache.http.wire - http-outgoing-380 >> "Content-Length: 67[\r][\n]"
DEBUG dupatbot Telegram Connection org.apache.http.wire - http-outgoing-380 >> "Content-Type: application/json; charset=UTF-8[\r][\n]"
DEBUG dupatbot Telegram Connection org.apache.http.wire - http-outgoing-380 >> "Host: api.telegram.org[\r][\n]"
DEBUG dupatbot Telegram Connection org.apache.http.wire - http-outgoing-380 >> "Connection: Keep-Alive[\r][\n]"
DEBUG dupatbot Telegram Connection org.apache.http.wire - http-outgoing-380 >> "User-Agent: Apache-HttpClient/4.5.10 (Java/1.8.0_181)[\r][\n]"
DEBUG dupatbot Telegram Connection org.apache.http.wire - http-outgoing-380 >> "Accept-Encoding: gzip,deflate[\r][\n]"
DEBUG dupatbot Telegram Connection org.apache.http.wire - http-outgoing-380 >> "[\r][\n]"
DEBUG dupatbot Telegram Connection org.apache.http.wire - http-outgoing-380 >> "{"offset":261996103,"limit":100,"timeout":50,"method":"getupdates"}"
DEBUG dupatbot Telegram Connection org.apache.http.wire - http-outgoing-380 << "HTTP/1.1 401 Unauthorized[\r][\n]"
DEBUG dupatbot Telegram Connection org.apache.http.wire - http-outgoing-380 << "Server: nginx/1.16.1[\r][\n]"
DEBUG dupatbot Telegram Connection org.apache.http.wire - http-outgoing-380 << "Date: Sun, 22 Mar 2020 12:21:32 GMT[\r][\n]"
DEBUG dupatbot Telegram Connection org.apache.http.wire - http-outgoing-380 << "Content-Type: application/json[\r][\n]"
DEBUG dupatbot Telegram Connection org.apache.http.wire - http-outgoing-380 << "Content-Length: 58[\r][\n]"
DEBUG dupatbot Telegram Connection org.apache.http.wire - http-outgoing-380 << "Connection: keep-alive[\r][\n]"
DEBUG dupatbot Telegram Connection org.apache.http.wire - http-outgoing-380 << "Strict-Transport-Security: max-age=31536000; includeSubDomains; preload[\r][\n]"
DEBUG dupatbot Telegram Connection org.apache.http.wire - http-outgoing-380 << "Access-Control-Allow-Origin: *[\r][\n]"
DEBUG dupatbot Telegram Connection org.apache.http.wire - http-outgoing-380 << "Access-Control-Expose-Headers: Content-Length,Content-Type,Date,Server,Connection[\r][\n]"
DEBUG dupatbot Telegram Connection org.apache.http.wire - http-outgoing-380 << "[\r][\n]"
DEBUG dupatbot Telegram Connection org.apache.http.wire - http-outgoing-380 << "{"ok":false,"error_code":401,"description":"Unauthorized"}"
DEBUG dupatbot Telegram Connection org.apache.http.headers - http-outgoing-380 << HTTP/1.1 401 Unauthorized
DEBUG dupatbot Telegram Connection org.apache.http.headers - http-outgoing-380 << Server: nginx/1.16.1
DEBUG dupatbot Telegram Connection org.apache.http.headers - http-outgoing-380 << Date: Sun, 22 Mar 2020 12:21:32 GMT
DEBUG dupatbot Telegram Connection org.apache.http.headers - http-outgoing-380 << Content-Type: application/json
DEBUG dupatbot Telegram Connection org.apache.http.headers - http-outgoing-380 << Content-Length: 58
DEBUG dupatbot Telegram Connection org.apache.http.headers - http-outgoing-380 << Connection: keep-alive
DEBUG dupatbot Telegram Connection org.apache.http.headers - http-outgoing-380 << Strict-Transport-Security: max-age=31536000; includeSubDomains; preload
DEBUG dupatbot Telegram Connection org.apache.http.headers - http-outgoing-380 << Access-Control-Allow-Origin: *
DEBUG dupatbot Telegram Connection org.apache.http.headers - http-outgoing-380 << Access-Control-Expose-Headers: Content-Length,Content-Type,Date,Server,Connection
DEBUG dupatbot Telegram Connection org.apache.http.impl.execchain.MainClientExec - Connection can be kept alive indefinitely
DEBUG dupatbot Telegram Connection org.apache.http.impl.auth.HttpAuthenticator - Authentication required
DEBUG dupatbot Telegram Connection org.apache.http.impl.auth.HttpAuthenticator - api.telegram.org:443 requested authentication
DEBUG dupatbot Telegram Connection org.apache.http.impl.auth.HttpAuthenticator - Response contains no authentication challenges
DEBUG dupatbot Telegram Connection org.apache.http.impl.conn.PoolingHttpClientConnectionManager - Connection [id: 380][route: {s}->https://api.telegram.org:443] can be kept alive indefinitely
DEBUG dupatbot Telegram Connection org.apache.http.impl.conn.DefaultManagedHttpClientConnection - http-outgoing-380: set socket timeout to 0
DEBUG dupatbot Telegram Connection org.apache.http.impl.conn.PoolingHttpClientConnectionManager - Connection released: [id: 380][route: {s}->https://api.telegram.org:443][total kept alive: 1; route allocated: 1 of 2; total allocated: 1 of 100]
ERROR dupatbot Telegram Connection org.telegram.telegrambots.updatesreceivers.DefaultBotSession - Error getting updates
org.telegram.telegrambots.meta.exceptions.TelegramApiRequestException: Error getting updates: [401] Unauthorized
	at org.telegram.telegrambots.meta.api.methods.updates.GetUpdates.deserializeResponse(GetUpdates.java:118)
	at org.telegram.telegrambots.updatesreceivers.DefaultBotSession$ReaderThread.getUpdatesFromServer(DefaultBotSession.java:263)
	at org.telegram.telegrambots.updatesreceivers.DefaultBotSession$ReaderThread.run(DefaultBotSession.java:194)
